mode: set
github.com/ra-company/database/database.go:30.34,31.14 1 1
github.com/ra-company/database/database.go:31.14,33.3 1 1
github.com/ra-company/database/database.go:35.2,37.34 2 1
github.com/ra-company/database/database.go:37.34,39.3 1 0
github.com/ra-company/database/database.go:41.2,41.23 1 1
github.com/ra-company/database/database.go:41.23,43.3 1 1
github.com/ra-company/database/database.go:45.2,46.27 2 1
github.com/ra-company/database/database.go:46.27,48.3 1 0
github.com/ra-company/database/database.go:49.2,49.20 1 1
github.com/ra-company/database/database.go:66.43,67.19 1 1
github.com/ra-company/database/database.go:67.19,69.3 1 1
github.com/ra-company/database/database.go:70.2,70.24 1 1
github.com/ra-company/database/database.go:70.24,72.3 1 1
github.com/ra-company/database/database.go:73.2,73.47 1 1
github.com/ra-company/database/database.go:85.31,87.2 1 1
github.com/ra-company/database/database.go:89.33,93.2 3 1
github.com/ra-company/database/postgres/field-value.go:29.54,30.15 1 0
github.com/ra-company/database/postgres/field-value.go:30.15,32.3 1 0
github.com/ra-company/database/postgres/field-value.go:41.52,44.2 2 0
github.com/ra-company/database/postgres/field-value.go:52.59,54.2 1 0
github.com/ra-company/database/postgres/field-value.go:62.61,64.2 1 0
github.com/ra-company/database/postgres/field-value.go:72.61,74.2 1 0
github.com/ra-company/database/postgres/field-value.go:82.61,83.15 1 0
github.com/ra-company/database/postgres/field-value.go:83.15,85.3 1 0
github.com/ra-company/database/postgres/field-value.go:94.57,95.15 1 0
github.com/ra-company/database/postgres/field-value.go:95.15,97.3 1 0
github.com/ra-company/database/postgres/field-value.go:106.59,107.15 1 0
github.com/ra-company/database/postgres/field-value.go:107.15,109.3 1 0
github.com/ra-company/database/postgres/field-value.go:118.59,119.15 1 0
github.com/ra-company/database/postgres/field-value.go:119.15,121.3 1 0
github.com/ra-company/database/postgres/field-value.go:130.59,131.15 1 0
github.com/ra-company/database/postgres/field-value.go:131.15,133.3 1 0
github.com/ra-company/database/postgres/field-value.go:142.57,145.2 2 0
github.com/ra-company/database/postgres/field-value.go:153.59,156.2 2 0
github.com/ra-company/database/postgres/field-value.go:164.57,165.15 1 0
github.com/ra-company/database/postgres/field-value.go:165.15,167.3 1 0
github.com/ra-company/database/postgres/field-value.go:176.55,179.2 2 0
github.com/ra-company/database/postgres/field-value.go:187.62,188.15 1 0
github.com/ra-company/database/postgres/field-value.go:188.15,190.3 1 0
github.com/ra-company/database/postgres/field-value.go:198.60,201.2 2 0
github.com/ra-company/database/postgres/field-value.go:210.77,211.15 1 0
github.com/ra-company/database/postgres/field-value.go:211.15,213.3 1 0
github.com/ra-company/database/postgres/field-value.go:223.75,225.32 2 0
github.com/ra-company/database/postgres/field-value.go:225.32,227.3 1 0
github.com/ra-company/database/postgres/field-value.go:227.8,229.3 1 0
github.com/ra-company/database/postgres/field-value.go:239.60,241.16 2 0
github.com/ra-company/database/postgres/field-value.go:241.16,243.3 1 0
github.com/ra-company/database/postgres/field-value.go:244.2,246.12 3 0
github.com/ra-company/database/postgres/field-value.go:255.64,256.28 1 0
github.com/ra-company/database/postgres/field-value.go:256.28,258.3 1 0
github.com/ra-company/database/postgres/field-value.go:267.62,270.2 2 0
github.com/ra-company/database/postgres/field-value.go:278.66,279.28 1 0
github.com/ra-company/database/postgres/field-value.go:279.28,281.3 1 0
github.com/ra-company/database/postgres/field-value.go:290.64,293.2 2 0
github.com/ra-company/database/postgres/field-value.go:300.66,301.28 1 0
github.com/ra-company/database/postgres/field-value.go:301.28,303.3 1 0
github.com/ra-company/database/postgres/field-value.go:312.64,315.2 2 0
github.com/ra-company/database/postgres/field-value.go:323.66,324.28 1 0
github.com/ra-company/database/postgres/field-value.go:324.28,326.3 1 0
github.com/ra-company/database/postgres/field-value.go:335.64,338.2 2 0
github.com/ra-company/database/postgres/field-value.go:346.68,347.28 1 0
github.com/ra-company/database/postgres/field-value.go:347.28,349.3 1 0
github.com/ra-company/database/postgres/field-value.go:358.66,361.2 2 0
github.com/ra-company/database/postgres/field-value.go:374.78,375.24 1 0
github.com/ra-company/database/postgres/field-value.go:376.75,377.65 1 0
github.com/ra-company/database/postgres/field-value.go:378.17,379.67 1 0
github.com/ra-company/database/postgres/field-value.go:380.10,381.67 1 0
github.com/ra-company/database/postgres/field-value.go:396.83,397.26 1 0
github.com/ra-company/database/postgres/field-value.go:397.26,399.3 1 0
github.com/ra-company/database/postgres/field-value.go:401.2,405.96 4 0
github.com/ra-company/database/postgres/postgres.go:44.99,48.33 3 1
github.com/ra-company/database/postgres/postgres.go:48.33,50.3 1 0
github.com/ra-company/database/postgres/postgres.go:50.8,52.3 1 1
github.com/ra-company/database/postgres/postgres.go:54.2,55.16 2 1
github.com/ra-company/database/postgres/postgres.go:55.16,57.3 1 0
github.com/ra-company/database/postgres/postgres.go:59.2,60.16 2 1
github.com/ra-company/database/postgres/postgres.go:60.16,62.3 1 0
github.com/ra-company/database/postgres/postgres.go:64.2,64.33 1 1
github.com/ra-company/database/postgres/postgres.go:64.33,66.3 1 0
github.com/ra-company/database/postgres/postgres.go:66.8,68.3 1 1
github.com/ra-company/database/postgres/postgres.go:70.2,72.16 3 1
github.com/ra-company/database/postgres/postgres.go:72.16,74.3 1 0
github.com/ra-company/database/postgres/postgres.go:75.2,75.53 1 1
github.com/ra-company/database/postgres/postgres.go:86.54,89.2 2 0
github.com/ra-company/database/postgres/postgres.go:102.100,109.2 4 0
github.com/ra-company/database/postgres/postgres.go:125.100,131.16 5 0
github.com/ra-company/database/postgres/postgres.go:131.16,133.3 1 0
github.com/ra-company/database/postgres/postgres.go:135.2,140.16 5 0
github.com/ra-company/database/postgres/postgres.go:140.16,145.3 4 0
github.com/ra-company/database/postgres/postgres.go:147.2,148.55 2 0
github.com/ra-company/database/postgres/postgres.go:148.55,151.3 2 0
github.com/ra-company/database/postgres/postgres.go:153.2,153.16 1 0
github.com/ra-company/database/postgres/postgres.go:153.16,157.3 3 0
github.com/ra-company/database/postgres/postgres.go:159.2,163.16 4 0
github.com/ra-company/database/postgres/postgres.go:163.16,165.3 1 0
github.com/ra-company/database/postgres/postgres.go:167.2,167.17 1 0
github.com/ra-company/database/postgres/postgres.go:184.109,190.16 5 0
github.com/ra-company/database/postgres/postgres.go:190.16,192.3 1 0
github.com/ra-company/database/postgres/postgres.go:194.2,199.16 5 0
github.com/ra-company/database/postgres/postgres.go:199.16,204.3 4 0
github.com/ra-company/database/postgres/postgres.go:206.2,207.55 2 0
github.com/ra-company/database/postgres/postgres.go:207.55,210.3 2 0
github.com/ra-company/database/postgres/postgres.go:212.2,212.16 1 0
github.com/ra-company/database/postgres/postgres.go:212.16,216.3 3 0
github.com/ra-company/database/postgres/postgres.go:218.2,222.16 4 0
github.com/ra-company/database/postgres/postgres.go:222.16,224.3 1 0
github.com/ra-company/database/postgres/postgres.go:226.2,226.17 1 0
github.com/ra-company/database/postgres/postgres.go:243.98,244.17 1 0
github.com/ra-company/database/postgres/postgres.go:244.17,246.3 1 0
github.com/ra-company/database/postgres/postgres.go:248.2,252.16 4 0
github.com/ra-company/database/postgres/postgres.go:252.16,254.3 1 0
github.com/ra-company/database/postgres/postgres.go:256.2,261.16 5 0
github.com/ra-company/database/postgres/postgres.go:261.16,266.3 4 0
github.com/ra-company/database/postgres/postgres.go:268.2,268.19 1 0
github.com/ra-company/database/postgres/postgres.go:268.19,273.3 4 0
github.com/ra-company/database/postgres/postgres.go:275.2,279.16 4 0
github.com/ra-company/database/postgres/postgres.go:279.16,281.3 1 0
github.com/ra-company/database/postgres/postgres.go:283.2,283.38 1 0
github.com/ra-company/database/postgres/postgres.go:300.98,305.16 4 0
github.com/ra-company/database/postgres/postgres.go:305.16,307.3 1 0
github.com/ra-company/database/postgres/postgres.go:309.2,314.16 5 0
github.com/ra-company/database/postgres/postgres.go:314.16,319.3 4 0
github.com/ra-company/database/postgres/postgres.go:321.2,321.19 1 0
github.com/ra-company/database/postgres/postgres.go:321.19,326.3 4 0
github.com/ra-company/database/postgres/postgres.go:328.2,332.16 4 0
github.com/ra-company/database/postgres/postgres.go:332.16,334.3 1 0
github.com/ra-company/database/postgres/postgres.go:336.2,336.38 1 0
github.com/ra-company/database/postgres/postgres.go:353.99,359.16 5 0
github.com/ra-company/database/postgres/postgres.go:359.16,361.3 1 0
github.com/ra-company/database/postgres/postgres.go:363.2,363.15 1 0
github.com/ra-company/database/postgres/postgres.go:380.90,386.16 5 0
github.com/ra-company/database/postgres/postgres.go:386.16,388.3 1 0
github.com/ra-company/database/postgres/postgres.go:390.2,390.15 1 0
github.com/ra-company/database/postgres/postgres.go:405.88,410.16 4 0
github.com/ra-company/database/postgres/postgres.go:410.16,412.3 1 0
github.com/ra-company/database/postgres/postgres.go:414.2,414.12 1 0
github.com/ra-company/database/postgres/postgres.go:425.104,427.2 1 0
github.com/ra-company/database/postgres/postgres.go:432.51,434.2 1 0
github.com/ra-company/database/clickhouse/clickhouse.go:41.95,51.73 3 1
github.com/ra-company/database/clickhouse/clickhouse.go:51.73,55.4 3 1
github.com/ra-company/database/clickhouse/clickhouse.go:57.41,59.4 1 0
github.com/ra-company/database/clickhouse/clickhouse.go:77.2,77.16 1 1
github.com/ra-company/database/clickhouse/clickhouse.go:77.16,80.3 2 0
github.com/ra-company/database/clickhouse/clickhouse.go:82.2,84.16 2 1
github.com/ra-company/database/clickhouse/clickhouse.go:84.16,87.3 2 0
github.com/ra-company/database/clickhouse/clickhouse.go:89.2,90.51 2 1
github.com/ra-company/database/clickhouse/clickhouse.go:100.56,101.23 1 0
github.com/ra-company/database/clickhouse/clickhouse.go:101.23,103.3 1 0
github.com/ra-company/database/clickhouse/clickhouse.go:104.2,104.56 1 0
github.com/ra-company/database/clickhouse/clickhouse.go:119.92,125.2 4 0
github.com/ra-company/database/clickhouse/clickhouse.go:140.100,146.2 4 0
github.com/ra-company/database/clickhouse/clickhouse.go:161.101,167.168 4 0
github.com/ra-company/database/clickhouse/clickhouse.go:167.168,169.3 1 0
github.com/ra-company/database/clickhouse/clickhouse.go:171.2,171.15 1 0
github.com/ra-company/database/clickhouse/clickhouse.go:187.103,191.167 3 0
github.com/ra-company/database/clickhouse/clickhouse.go:191.167,193.3 1 0
github.com/ra-company/database/clickhouse/clickhouse.go:195.2,195.12 1 0
github.com/ra-company/database/clickhouse/clickhouse.go:211.102,218.2 4 0
github.com/ra-company/database/clickhouse/clickhouse.go:230.106,232.2 1 0
github.com/ra-company/database/clickhouse/clickhouse.go:234.52,235.19 1 0
github.com/ra-company/database/clickhouse/clickhouse.go:235.19,237.3 1 0
github.com/ra-company/database/clickhouse/clickhouse.go:237.8,239.3 1 0
github.com/ra-company/database/clickhouse/clickhouse.go:240.2,240.25 1 0
github.com/ra-company/database/clickhouse/clickhouse.go:240.25,242.3 1 0
github.com/ra-company/database/clickhouse/clickhouse.go:243.2,243.53 1 0
github.com/ra-company/database/clickhouse/clickhouse.go:251.49,254.2 1 0
github.com/ra-company/database/clickhouse/clickhouse.go:263.52,266.2 1 0
github.com/ra-company/database/clickhouse/functions.go:20.39,22.2 1 0
github.com/ra-company/database/clickhouse/functions.go:34.41,36.2 1 0
github.com/ra-company/database/database.go:30.34,31.14 1 1
github.com/ra-company/database/database.go:31.14,33.3 1 1
github.com/ra-company/database/database.go:35.2,37.34 2 1
github.com/ra-company/database/database.go:37.34,39.3 1 0
github.com/ra-company/database/database.go:41.2,41.23 1 1
github.com/ra-company/database/database.go:41.23,43.3 1 1
github.com/ra-company/database/database.go:45.2,46.27 2 1
github.com/ra-company/database/database.go:46.27,48.3 1 0
github.com/ra-company/database/database.go:49.2,49.20 1 1
github.com/ra-company/database/database.go:66.43,67.19 1 1
github.com/ra-company/database/database.go:67.19,69.3 1 1
github.com/ra-company/database/database.go:70.2,70.24 1 1
github.com/ra-company/database/database.go:70.24,72.3 1 1
github.com/ra-company/database/database.go:73.2,73.47 1 1
github.com/ra-company/database/database.go:85.31,87.2 1 1
github.com/ra-company/database/database.go:89.33,93.2 3 1
github.com/ra-company/database/postgres/field-value.go:29.54,30.15 1 0
github.com/ra-company/database/postgres/field-value.go:30.15,32.3 1 0
github.com/ra-company/database/postgres/field-value.go:41.52,44.2 2 0
github.com/ra-company/database/postgres/field-value.go:52.59,54.2 1 0
github.com/ra-company/database/postgres/field-value.go:62.61,64.2 1 0
github.com/ra-company/database/postgres/field-value.go:72.61,74.2 1 0
github.com/ra-company/database/postgres/field-value.go:82.61,83.15 1 0
github.com/ra-company/database/postgres/field-value.go:83.15,85.3 1 0
github.com/ra-company/database/postgres/field-value.go:94.57,95.15 1 0
github.com/ra-company/database/postgres/field-value.go:95.15,97.3 1 0
github.com/ra-company/database/postgres/field-value.go:106.59,107.15 1 0
github.com/ra-company/database/postgres/field-value.go:107.15,109.3 1 0
github.com/ra-company/database/postgres/field-value.go:118.59,119.15 1 0
github.com/ra-company/database/postgres/field-value.go:119.15,121.3 1 0
github.com/ra-company/database/postgres/field-value.go:130.59,131.15 1 0
github.com/ra-company/database/postgres/field-value.go:131.15,133.3 1 0
github.com/ra-company/database/postgres/field-value.go:142.57,145.2 2 0
github.com/ra-company/database/postgres/field-value.go:153.59,156.2 2 0
github.com/ra-company/database/postgres/field-value.go:164.57,165.15 1 0
github.com/ra-company/database/postgres/field-value.go:165.15,167.3 1 0
github.com/ra-company/database/postgres/field-value.go:176.55,179.2 2 0
github.com/ra-company/database/postgres/field-value.go:187.62,188.15 1 0
github.com/ra-company/database/postgres/field-value.go:188.15,190.3 1 0
github.com/ra-company/database/postgres/field-value.go:198.60,201.2 2 0
github.com/ra-company/database/postgres/field-value.go:210.77,211.15 1 0
github.com/ra-company/database/postgres/field-value.go:211.15,213.3 1 0
github.com/ra-company/database/postgres/field-value.go:223.75,225.32 2 0
github.com/ra-company/database/postgres/field-value.go:225.32,227.3 1 0
github.com/ra-company/database/postgres/field-value.go:227.8,229.3 1 0
github.com/ra-company/database/postgres/field-value.go:239.60,241.16 2 0
github.com/ra-company/database/postgres/field-value.go:241.16,243.3 1 0
github.com/ra-company/database/postgres/field-value.go:244.2,246.12 3 0
github.com/ra-company/database/postgres/field-value.go:255.64,256.28 1 0
github.com/ra-company/database/postgres/field-value.go:256.28,258.3 1 0
github.com/ra-company/database/postgres/field-value.go:267.62,270.2 2 0
github.com/ra-company/database/postgres/field-value.go:278.66,279.28 1 0
github.com/ra-company/database/postgres/field-value.go:279.28,281.3 1 0
github.com/ra-company/database/postgres/field-value.go:290.64,293.2 2 0
github.com/ra-company/database/postgres/field-value.go:300.66,301.28 1 0
github.com/ra-company/database/postgres/field-value.go:301.28,303.3 1 0
github.com/ra-company/database/postgres/field-value.go:312.64,315.2 2 0
github.com/ra-company/database/postgres/field-value.go:323.66,324.28 1 0
github.com/ra-company/database/postgres/field-value.go:324.28,326.3 1 0
github.com/ra-company/database/postgres/field-value.go:335.64,338.2 2 0
github.com/ra-company/database/postgres/field-value.go:346.68,347.28 1 0
github.com/ra-company/database/postgres/field-value.go:347.28,349.3 1 0
github.com/ra-company/database/postgres/field-value.go:358.66,361.2 2 0
github.com/ra-company/database/postgres/field-value.go:374.78,375.24 1 0
github.com/ra-company/database/postgres/field-value.go:376.75,377.65 1 0
github.com/ra-company/database/postgres/field-value.go:378.17,379.67 1 0
github.com/ra-company/database/postgres/field-value.go:380.10,381.67 1 0
github.com/ra-company/database/postgres/field-value.go:396.83,397.26 1 0
github.com/ra-company/database/postgres/field-value.go:397.26,399.3 1 0
github.com/ra-company/database/postgres/field-value.go:401.2,405.96 4 0
github.com/ra-company/database/postgres/postgres.go:44.99,48.33 3 1
github.com/ra-company/database/postgres/postgres.go:48.33,50.3 1 0
github.com/ra-company/database/postgres/postgres.go:50.8,52.3 1 1
github.com/ra-company/database/postgres/postgres.go:54.2,55.16 2 1
github.com/ra-company/database/postgres/postgres.go:55.16,57.3 1 0
github.com/ra-company/database/postgres/postgres.go:59.2,60.16 2 1
github.com/ra-company/database/postgres/postgres.go:60.16,62.3 1 0
github.com/ra-company/database/postgres/postgres.go:64.2,64.33 1 1
github.com/ra-company/database/postgres/postgres.go:64.33,66.3 1 0
github.com/ra-company/database/postgres/postgres.go:66.8,68.3 1 1
github.com/ra-company/database/postgres/postgres.go:70.2,72.16 3 1
github.com/ra-company/database/postgres/postgres.go:72.16,74.3 1 0
github.com/ra-company/database/postgres/postgres.go:75.2,75.53 1 1
github.com/ra-company/database/postgres/postgres.go:86.54,89.2 2 0
github.com/ra-company/database/postgres/postgres.go:102.100,109.2 4 0
github.com/ra-company/database/postgres/postgres.go:125.100,131.16 5 0
github.com/ra-company/database/postgres/postgres.go:131.16,133.3 1 0
github.com/ra-company/database/postgres/postgres.go:135.2,140.16 5 0
github.com/ra-company/database/postgres/postgres.go:140.16,145.3 4 0
github.com/ra-company/database/postgres/postgres.go:147.2,148.55 2 0
github.com/ra-company/database/postgres/postgres.go:148.55,151.3 2 0
github.com/ra-company/database/postgres/postgres.go:153.2,153.16 1 0
github.com/ra-company/database/postgres/postgres.go:153.16,157.3 3 0
github.com/ra-company/database/postgres/postgres.go:159.2,163.16 4 0
github.com/ra-company/database/postgres/postgres.go:163.16,165.3 1 0
github.com/ra-company/database/postgres/postgres.go:167.2,167.17 1 0
github.com/ra-company/database/postgres/postgres.go:184.109,190.16 5 0
github.com/ra-company/database/postgres/postgres.go:190.16,192.3 1 0
github.com/ra-company/database/postgres/postgres.go:194.2,199.16 5 0
github.com/ra-company/database/postgres/postgres.go:199.16,204.3 4 0
github.com/ra-company/database/postgres/postgres.go:206.2,207.55 2 0
github.com/ra-company/database/postgres/postgres.go:207.55,210.3 2 0
github.com/ra-company/database/postgres/postgres.go:212.2,212.16 1 0
github.com/ra-company/database/postgres/postgres.go:212.16,216.3 3 0
github.com/ra-company/database/postgres/postgres.go:218.2,222.16 4 0
github.com/ra-company/database/postgres/postgres.go:222.16,224.3 1 0
github.com/ra-company/database/postgres/postgres.go:226.2,226.17 1 0
github.com/ra-company/database/postgres/postgres.go:243.98,244.17 1 0
github.com/ra-company/database/postgres/postgres.go:244.17,246.3 1 0
github.com/ra-company/database/postgres/postgres.go:248.2,252.16 4 0
github.com/ra-company/database/postgres/postgres.go:252.16,254.3 1 0
github.com/ra-company/database/postgres/postgres.go:256.2,261.16 5 0
github.com/ra-company/database/postgres/postgres.go:261.16,266.3 4 0
github.com/ra-company/database/postgres/postgres.go:268.2,268.19 1 0
github.com/ra-company/database/postgres/postgres.go:268.19,273.3 4 0
github.com/ra-company/database/postgres/postgres.go:275.2,279.16 4 0
github.com/ra-company/database/postgres/postgres.go:279.16,281.3 1 0
github.com/ra-company/database/postgres/postgres.go:283.2,283.38 1 0
github.com/ra-company/database/postgres/postgres.go:300.98,305.16 4 0
github.com/ra-company/database/postgres/postgres.go:305.16,307.3 1 0
github.com/ra-company/database/postgres/postgres.go:309.2,314.16 5 0
github.com/ra-company/database/postgres/postgres.go:314.16,319.3 4 0
github.com/ra-company/database/postgres/postgres.go:321.2,321.19 1 0
github.com/ra-company/database/postgres/postgres.go:321.19,326.3 4 0
github.com/ra-company/database/postgres/postgres.go:328.2,332.16 4 0
github.com/ra-company/database/postgres/postgres.go:332.16,334.3 1 0
github.com/ra-company/database/postgres/postgres.go:336.2,336.38 1 0
github.com/ra-company/database/postgres/postgres.go:353.99,359.16 5 0
github.com/ra-company/database/postgres/postgres.go:359.16,361.3 1 0
github.com/ra-company/database/postgres/postgres.go:363.2,363.15 1 0
github.com/ra-company/database/postgres/postgres.go:380.90,386.16 5 0
github.com/ra-company/database/postgres/postgres.go:386.16,388.3 1 0
github.com/ra-company/database/postgres/postgres.go:390.2,390.15 1 0
github.com/ra-company/database/postgres/postgres.go:405.88,410.16 4 0
github.com/ra-company/database/postgres/postgres.go:410.16,412.3 1 0
github.com/ra-company/database/postgres/postgres.go:414.2,414.12 1 0
github.com/ra-company/database/postgres/postgres.go:425.104,427.2 1 0
github.com/ra-company/database/postgres/postgres.go:432.51,434.2 1 0
github.com/ra-company/database/clickhouse/clickhouse.go:41.95,51.73 3 1
github.com/ra-company/database/clickhouse/clickhouse.go:51.73,55.4 3 1
github.com/ra-company/database/clickhouse/clickhouse.go:57.41,59.4 1 0
github.com/ra-company/database/clickhouse/clickhouse.go:77.2,77.16 1 1
github.com/ra-company/database/clickhouse/clickhouse.go:77.16,80.3 2 0
github.com/ra-company/database/clickhouse/clickhouse.go:82.2,84.16 2 1
github.com/ra-company/database/clickhouse/clickhouse.go:84.16,87.3 2 0
github.com/ra-company/database/clickhouse/clickhouse.go:89.2,90.51 2 1
github.com/ra-company/database/clickhouse/clickhouse.go:100.56,101.23 1 0
github.com/ra-company/database/clickhouse/clickhouse.go:101.23,103.3 1 0
github.com/ra-company/database/clickhouse/clickhouse.go:104.2,104.56 1 0
github.com/ra-company/database/clickhouse/clickhouse.go:119.92,125.2 4 0
github.com/ra-company/database/clickhouse/clickhouse.go:140.100,146.2 4 0
github.com/ra-company/database/clickhouse/clickhouse.go:161.101,167.168 4 0
github.com/ra-company/database/clickhouse/clickhouse.go:167.168,169.3 1 0
github.com/ra-company/database/clickhouse/clickhouse.go:171.2,171.15 1 0
github.com/ra-company/database/clickhouse/clickhouse.go:187.103,191.167 3 0
github.com/ra-company/database/clickhouse/clickhouse.go:191.167,193.3 1 0
github.com/ra-company/database/clickhouse/clickhouse.go:195.2,195.12 1 0
github.com/ra-company/database/clickhouse/clickhouse.go:211.102,218.2 4 0
github.com/ra-company/database/clickhouse/clickhouse.go:230.106,232.2 1 0
github.com/ra-company/database/clickhouse/clickhouse.go:234.52,235.19 1 0
github.com/ra-company/database/clickhouse/clickhouse.go:235.19,237.3 1 0
github.com/ra-company/database/clickhouse/clickhouse.go:237.8,239.3 1 0
github.com/ra-company/database/clickhouse/clickhouse.go:240.2,240.25 1 0
github.com/ra-company/database/clickhouse/clickhouse.go:240.25,242.3 1 0
github.com/ra-company/database/clickhouse/clickhouse.go:243.2,243.53 1 0
github.com/ra-company/database/clickhouse/clickhouse.go:251.49,254.2 1 0
github.com/ra-company/database/clickhouse/clickhouse.go:263.52,266.2 1 0
github.com/ra-company/database/clickhouse/functions.go:20.39,22.2 1 0
github.com/ra-company/database/clickhouse/functions.go:34.41,36.2 1 0
github.com/ra-company/database/database.go:30.34,31.14 1 1
github.com/ra-company/database/database.go:31.14,33.3 1 1
github.com/ra-company/database/database.go:35.2,37.34 2 1
github.com/ra-company/database/database.go:37.34,39.3 1 0
github.com/ra-company/database/database.go:41.2,41.23 1 1
github.com/ra-company/database/database.go:41.23,43.3 1 1
github.com/ra-company/database/database.go:45.2,46.27 2 1
github.com/ra-company/database/database.go:46.27,48.3 1 0
github.com/ra-company/database/database.go:49.2,49.20 1 1
github.com/ra-company/database/database.go:66.43,67.19 1 1
github.com/ra-company/database/database.go:67.19,69.3 1 1
github.com/ra-company/database/database.go:70.2,70.24 1 1
github.com/ra-company/database/database.go:70.24,72.3 1 1
github.com/ra-company/database/database.go:73.2,73.47 1 1
github.com/ra-company/database/database.go:85.31,87.2 1 1
github.com/ra-company/database/database.go:89.33,93.2 3 1
github.com/ra-company/database/postgres/field-value.go:29.54,30.15 1 0
github.com/ra-company/database/postgres/field-value.go:30.15,32.3 1 0
github.com/ra-company/database/postgres/field-value.go:41.52,44.2 2 0
github.com/ra-company/database/postgres/field-value.go:52.59,54.2 1 0
github.com/ra-company/database/postgres/field-value.go:62.61,64.2 1 0
github.com/ra-company/database/postgres/field-value.go:72.61,74.2 1 0
github.com/ra-company/database/postgres/field-value.go:82.61,83.15 1 0
github.com/ra-company/database/postgres/field-value.go:83.15,85.3 1 0
github.com/ra-company/database/postgres/field-value.go:94.57,95.15 1 0
github.com/ra-company/database/postgres/field-value.go:95.15,97.3 1 0
github.com/ra-company/database/postgres/field-value.go:106.59,107.15 1 0
github.com/ra-company/database/postgres/field-value.go:107.15,109.3 1 0
github.com/ra-company/database/postgres/field-value.go:118.59,119.15 1 0
github.com/ra-company/database/postgres/field-value.go:119.15,121.3 1 0
github.com/ra-company/database/postgres/field-value.go:130.59,131.15 1 0
github.com/ra-company/database/postgres/field-value.go:131.15,133.3 1 0
github.com/ra-company/database/postgres/field-value.go:142.57,145.2 2 0
github.com/ra-company/database/postgres/field-value.go:153.59,156.2 2 0
github.com/ra-company/database/postgres/field-value.go:164.57,165.15 1 0
github.com/ra-company/database/postgres/field-value.go:165.15,167.3 1 0
github.com/ra-company/database/postgres/field-value.go:176.55,179.2 2 0
github.com/ra-company/database/postgres/field-value.go:187.62,188.15 1 0
github.com/ra-company/database/postgres/field-value.go:188.15,190.3 1 0
github.com/ra-company/database/postgres/field-value.go:198.60,201.2 2 0
github.com/ra-company/database/postgres/field-value.go:210.77,211.15 1 0
github.com/ra-company/database/postgres/field-value.go:211.15,213.3 1 0
github.com/ra-company/database/postgres/field-value.go:223.75,225.32 2 0
github.com/ra-company/database/postgres/field-value.go:225.32,227.3 1 0
github.com/ra-company/database/postgres/field-value.go:227.8,229.3 1 0
github.com/ra-company/database/postgres/field-value.go:239.60,241.16 2 0
github.com/ra-company/database/postgres/field-value.go:241.16,243.3 1 0
github.com/ra-company/database/postgres/field-value.go:244.2,246.12 3 0
github.com/ra-company/database/postgres/field-value.go:255.64,256.28 1 0
github.com/ra-company/database/postgres/field-value.go:256.28,258.3 1 0
github.com/ra-company/database/postgres/field-value.go:267.62,270.2 2 0
github.com/ra-company/database/postgres/field-value.go:278.66,279.28 1 0
github.com/ra-company/database/postgres/field-value.go:279.28,281.3 1 0
github.com/ra-company/database/postgres/field-value.go:290.64,293.2 2 0
github.com/ra-company/database/postgres/field-value.go:300.66,301.28 1 0
github.com/ra-company/database/postgres/field-value.go:301.28,303.3 1 0
github.com/ra-company/database/postgres/field-value.go:312.64,315.2 2 0
github.com/ra-company/database/postgres/field-value.go:323.66,324.28 1 0
github.com/ra-company/database/postgres/field-value.go:324.28,326.3 1 0
github.com/ra-company/database/postgres/field-value.go:335.64,338.2 2 0
github.com/ra-company/database/postgres/field-value.go:346.68,347.28 1 0
github.com/ra-company/database/postgres/field-value.go:347.28,349.3 1 0
github.com/ra-company/database/postgres/field-value.go:358.66,361.2 2 0
github.com/ra-company/database/postgres/field-value.go:374.78,375.24 1 0
github.com/ra-company/database/postgres/field-value.go:376.75,377.65 1 0
github.com/ra-company/database/postgres/field-value.go:378.17,379.67 1 0
github.com/ra-company/database/postgres/field-value.go:380.10,381.67 1 0
github.com/ra-company/database/postgres/field-value.go:396.83,397.26 1 0
github.com/ra-company/database/postgres/field-value.go:397.26,399.3 1 0
github.com/ra-company/database/postgres/field-value.go:401.2,405.96 4 0
github.com/ra-company/database/postgres/postgres.go:44.99,48.33 3 1
github.com/ra-company/database/postgres/postgres.go:48.33,50.3 1 0
github.com/ra-company/database/postgres/postgres.go:50.8,52.3 1 1
github.com/ra-company/database/postgres/postgres.go:54.2,55.16 2 1
github.com/ra-company/database/postgres/postgres.go:55.16,57.3 1 0
github.com/ra-company/database/postgres/postgres.go:59.2,60.16 2 1
github.com/ra-company/database/postgres/postgres.go:60.16,62.3 1 0
github.com/ra-company/database/postgres/postgres.go:64.2,64.33 1 1
github.com/ra-company/database/postgres/postgres.go:64.33,66.3 1 0
github.com/ra-company/database/postgres/postgres.go:66.8,68.3 1 1
github.com/ra-company/database/postgres/postgres.go:70.2,72.16 3 1
github.com/ra-company/database/postgres/postgres.go:72.16,74.3 1 0
github.com/ra-company/database/postgres/postgres.go:75.2,75.53 1 1
github.com/ra-company/database/postgres/postgres.go:86.54,89.2 2 0
github.com/ra-company/database/postgres/postgres.go:102.100,109.2 4 0
github.com/ra-company/database/postgres/postgres.go:125.100,131.16 5 0
github.com/ra-company/database/postgres/postgres.go:131.16,133.3 1 0
github.com/ra-company/database/postgres/postgres.go:135.2,140.16 5 0
github.com/ra-company/database/postgres/postgres.go:140.16,145.3 4 0
github.com/ra-company/database/postgres/postgres.go:147.2,148.55 2 0
github.com/ra-company/database/postgres/postgres.go:148.55,151.3 2 0
github.com/ra-company/database/postgres/postgres.go:153.2,153.16 1 0
github.com/ra-company/database/postgres/postgres.go:153.16,157.3 3 0
github.com/ra-company/database/postgres/postgres.go:159.2,163.16 4 0
github.com/ra-company/database/postgres/postgres.go:163.16,165.3 1 0
github.com/ra-company/database/postgres/postgres.go:167.2,167.17 1 0
github.com/ra-company/database/postgres/postgres.go:184.109,190.16 5 0
github.com/ra-company/database/postgres/postgres.go:190.16,192.3 1 0
github.com/ra-company/database/postgres/postgres.go:194.2,199.16 5 0
github.com/ra-company/database/postgres/postgres.go:199.16,204.3 4 0
github.com/ra-company/database/postgres/postgres.go:206.2,207.55 2 0
github.com/ra-company/database/postgres/postgres.go:207.55,210.3 2 0
github.com/ra-company/database/postgres/postgres.go:212.2,212.16 1 0
github.com/ra-company/database/postgres/postgres.go:212.16,216.3 3 0
github.com/ra-company/database/postgres/postgres.go:218.2,222.16 4 0
github.com/ra-company/database/postgres/postgres.go:222.16,224.3 1 0
github.com/ra-company/database/postgres/postgres.go:226.2,226.17 1 0
github.com/ra-company/database/postgres/postgres.go:243.98,244.17 1 0
github.com/ra-company/database/postgres/postgres.go:244.17,246.3 1 0
github.com/ra-company/database/postgres/postgres.go:248.2,252.16 4 0
github.com/ra-company/database/postgres/postgres.go:252.16,254.3 1 0
github.com/ra-company/database/postgres/postgres.go:256.2,261.16 5 0
github.com/ra-company/database/postgres/postgres.go:261.16,266.3 4 0
github.com/ra-company/database/postgres/postgres.go:268.2,268.19 1 0
github.com/ra-company/database/postgres/postgres.go:268.19,273.3 4 0
github.com/ra-company/database/postgres/postgres.go:275.2,279.16 4 0
github.com/ra-company/database/postgres/postgres.go:279.16,281.3 1 0
github.com/ra-company/database/postgres/postgres.go:283.2,283.38 1 0
github.com/ra-company/database/postgres/postgres.go:300.98,305.16 4 0
github.com/ra-company/database/postgres/postgres.go:305.16,307.3 1 0
github.com/ra-company/database/postgres/postgres.go:309.2,314.16 5 0
github.com/ra-company/database/postgres/postgres.go:314.16,319.3 4 0
github.com/ra-company/database/postgres/postgres.go:321.2,321.19 1 0
github.com/ra-company/database/postgres/postgres.go:321.19,326.3 4 0
github.com/ra-company/database/postgres/postgres.go:328.2,332.16 4 0
github.com/ra-company/database/postgres/postgres.go:332.16,334.3 1 0
github.com/ra-company/database/postgres/postgres.go:336.2,336.38 1 0
github.com/ra-company/database/postgres/postgres.go:353.99,359.16 5 0
github.com/ra-company/database/postgres/postgres.go:359.16,361.3 1 0
github.com/ra-company/database/postgres/postgres.go:363.2,363.15 1 0
github.com/ra-company/database/postgres/postgres.go:380.90,386.16 5 0
github.com/ra-company/database/postgres/postgres.go:386.16,388.3 1 0
github.com/ra-company/database/postgres/postgres.go:390.2,390.15 1 0
github.com/ra-company/database/postgres/postgres.go:405.88,410.16 4 0
github.com/ra-company/database/postgres/postgres.go:410.16,412.3 1 0
github.com/ra-company/database/postgres/postgres.go:414.2,414.12 1 0
github.com/ra-company/database/postgres/postgres.go:425.104,427.2 1 0
github.com/ra-company/database/postgres/postgres.go:432.51,434.2 1 0
github.com/ra-company/database/clickhouse/clickhouse.go:41.95,51.73 3 1
github.com/ra-company/database/clickhouse/clickhouse.go:51.73,55.4 3 1
github.com/ra-company/database/clickhouse/clickhouse.go:57.41,59.4 1 0
github.com/ra-company/database/clickhouse/clickhouse.go:77.2,77.16 1 1
github.com/ra-company/database/clickhouse/clickhouse.go:77.16,80.3 2 0
github.com/ra-company/database/clickhouse/clickhouse.go:82.2,84.16 2 1
github.com/ra-company/database/clickhouse/clickhouse.go:84.16,87.3 2 0
github.com/ra-company/database/clickhouse/clickhouse.go:89.2,90.51 2 1
github.com/ra-company/database/clickhouse/clickhouse.go:100.56,101.23 1 0
github.com/ra-company/database/clickhouse/clickhouse.go:101.23,103.3 1 0
github.com/ra-company/database/clickhouse/clickhouse.go:104.2,104.56 1 0
github.com/ra-company/database/clickhouse/clickhouse.go:119.92,125.2 4 0
github.com/ra-company/database/clickhouse/clickhouse.go:140.100,146.2 4 0
github.com/ra-company/database/clickhouse/clickhouse.go:161.101,167.168 4 0
github.com/ra-company/database/clickhouse/clickhouse.go:167.168,169.3 1 0
github.com/ra-company/database/clickhouse/clickhouse.go:171.2,171.15 1 0
github.com/ra-company/database/clickhouse/clickhouse.go:187.103,191.167 3 0
github.com/ra-company/database/clickhouse/clickhouse.go:191.167,193.3 1 0
github.com/ra-company/database/clickhouse/clickhouse.go:195.2,195.12 1 0
github.com/ra-company/database/clickhouse/clickhouse.go:211.102,218.2 4 0
github.com/ra-company/database/clickhouse/clickhouse.go:230.106,232.2 1 0
github.com/ra-company/database/clickhouse/clickhouse.go:234.52,235.19 1 0
github.com/ra-company/database/clickhouse/clickhouse.go:235.19,237.3 1 0
github.com/ra-company/database/clickhouse/clickhouse.go:237.8,239.3 1 0
github.com/ra-company/database/clickhouse/clickhouse.go:240.2,240.25 1 0
github.com/ra-company/database/clickhouse/clickhouse.go:240.25,242.3 1 0
github.com/ra-company/database/clickhouse/clickhouse.go:243.2,243.53 1 0
github.com/ra-company/database/clickhouse/clickhouse.go:251.49,254.2 1 0
github.com/ra-company/database/clickhouse/clickhouse.go:263.52,266.2 1 0
github.com/ra-company/database/clickhouse/functions.go:20.39,22.2 1 0
github.com/ra-company/database/clickhouse/functions.go:34.41,36.2 1 0
github.com/ra-company/database/redis/redis.go:57.91,58.34 1 1
github.com/ra-company/database/redis/redis.go:58.34,61.3 1 1
github.com/ra-company/database/redis/redis.go:61.8,64.3 1 1
github.com/ra-company/database/redis/redis.go:66.2,72.7 1 1
github.com/ra-company/database/redis/redis.go:75.96,84.22 4 1
github.com/ra-company/database/redis/redis.go:84.22,86.3 1 0
github.com/ra-company/database/redis/redis.go:88.2,89.16 2 1
github.com/ra-company/database/redis/redis.go:89.16,91.3 1 0
github.com/ra-company/database/redis/redis.go:93.2,95.19 3 1
github.com/ra-company/database/redis/redis.go:98.90,106.22 4 1
github.com/ra-company/database/redis/redis.go:106.22,108.3 1 0
github.com/ra-company/database/redis/redis.go:110.2,111.16 2 1
github.com/ra-company/database/redis/redis.go:111.16,113.3 1 0
github.com/ra-company/database/redis/redis.go:115.2,117.18 3 1
github.com/ra-company/database/redis/redis.go:120.73,123.26 3 1
github.com/ra-company/database/redis/redis.go:123.26,124.34 1 1
github.com/ra-company/database/redis/redis.go:124.34,126.23 2 1
github.com/ra-company/database/redis/redis.go:126.23,130.5 3 1
github.com/ra-company/database/redis/redis.go:134.2,134.105 1 1
github.com/ra-company/database/redis/redis.go:150.90,155.24 4 1
github.com/ra-company/database/redis/redis.go:155.24,158.3 1 1
github.com/ra-company/database/redis/redis.go:158.8,161.3 1 1
github.com/ra-company/database/redis/redis.go:162.2,163.16 2 1
github.com/ra-company/database/redis/redis.go:163.16,164.23 1 1
github.com/ra-company/database/redis/redis.go:164.23,166.4 1 1
github.com/ra-company/database/redis/redis.go:167.3,167.17 1 0
github.com/ra-company/database/redis/redis.go:169.2,169.17 1 1
github.com/ra-company/database/redis/redis.go:184.90,189.24 4 0
github.com/ra-company/database/redis/redis.go:189.24,192.3 1 0
github.com/ra-company/database/redis/redis.go:192.8,195.3 1 0
github.com/ra-company/database/redis/redis.go:196.2,197.16 2 0
github.com/ra-company/database/redis/redis.go:197.16,198.23 1 0
github.com/ra-company/database/redis/redis.go:198.23,200.4 1 0
github.com/ra-company/database/redis/redis.go:201.3,201.17 1 0
github.com/ra-company/database/redis/redis.go:203.2,203.22 1 0
github.com/ra-company/database/redis/redis.go:218.84,224.24 5 0
github.com/ra-company/database/redis/redis.go:224.24,227.3 1 0
github.com/ra-company/database/redis/redis.go:227.8,230.3 1 0
github.com/ra-company/database/redis/redis.go:231.2,232.16 2 0
github.com/ra-company/database/redis/redis.go:232.16,234.3 1 0
github.com/ra-company/database/redis/redis.go:235.2,235.27 1 0
github.com/ra-company/database/redis/redis.go:235.27,236.17 1 0
github.com/ra-company/database/redis/redis.go:236.17,238.4 1 0
github.com/ra-company/database/redis/redis.go:240.2,240.21 1 0
github.com/ra-company/database/redis/redis.go:258.95,262.24 3 1
github.com/ra-company/database/redis/redis.go:262.24,265.3 1 1
github.com/ra-company/database/redis/redis.go:265.8,268.3 1 1
github.com/ra-company/database/redis/redis.go:269.2,270.12 2 1
github.com/ra-company/database/redis/redis.go:284.74,288.24 4 1
github.com/ra-company/database/redis/redis.go:288.24,291.3 1 1
github.com/ra-company/database/redis/redis.go:291.8,294.3 1 1
github.com/ra-company/database/redis/redis.go:295.2,295.28 1 1
github.com/ra-company/database/redis/redis.go:295.28,296.18 1 1
github.com/ra-company/database/redis/redis.go:296.18,298.4 1 1
github.com/ra-company/database/redis/redis.go:298.9,300.4 1 0
github.com/ra-company/database/redis/redis.go:301.3,301.101 1 1
github.com/ra-company/database/redis/redis.go:303.2,305.16 3 1
github.com/ra-company/database/redis/redis.go:305.16,307.3 1 0
github.com/ra-company/database/redis/redis.go:308.2,308.12 1 1
github.com/ra-company/database/redis/redis.go:324.90,329.24 4 0
github.com/ra-company/database/redis/redis.go:329.24,332.3 1 0
github.com/ra-company/database/redis/redis.go:332.8,335.3 1 0
github.com/ra-company/database/redis/redis.go:336.2,337.17 2 0
github.com/ra-company/database/redis/redis.go:352.86,357.24 4 1
github.com/ra-company/database/redis/redis.go:357.24,360.3 1 1
github.com/ra-company/database/redis/redis.go:360.8,363.3 1 1
github.com/ra-company/database/redis/redis.go:364.2,365.16 2 1
github.com/ra-company/database/redis/redis.go:365.16,367.3 1 0
github.com/ra-company/database/redis/redis.go:368.2,368.23 1 1
github.com/ra-company/database/redis/redis.go:368.23,370.3 1 1
github.com/ra-company/database/redis/redis.go:371.2,371.12 1 1
github.com/ra-company/database/redis/redis.go:387.95,392.24 4 0
github.com/ra-company/database/redis/redis.go:392.24,395.3 1 0
github.com/ra-company/database/redis/redis.go:395.8,398.3 1 0
github.com/ra-company/database/redis/redis.go:399.2,401.17 2 0
github.com/ra-company/database/redis/redis.go:416.78,421.24 4 0
github.com/ra-company/database/redis/redis.go:421.24,424.3 1 0
github.com/ra-company/database/redis/redis.go:424.8,427.3 1 0
github.com/ra-company/database/redis/redis.go:428.2,430.17 2 0
github.com/ra-company/database/redis/redis.go:448.96,452.24 3 0
github.com/ra-company/database/redis/redis.go:452.24,455.3 1 0
github.com/ra-company/database/redis/redis.go:455.8,458.3 1 0
github.com/ra-company/database/redis/redis.go:460.2,462.12 2 0
github.com/ra-company/database/redis/redis.go:478.104,483.24 4 0
github.com/ra-company/database/redis/redis.go:483.24,486.3 1 0
github.com/ra-company/database/redis/redis.go:486.8,489.3 1 0
github.com/ra-company/database/redis/redis.go:490.2,491.16 2 0
github.com/ra-company/database/redis/redis.go:491.16,492.23 1 0
github.com/ra-company/database/redis/redis.go:492.23,494.4 1 0
github.com/ra-company/database/redis/redis.go:495.3,495.17 1 0
github.com/ra-company/database/redis/redis.go:497.2,497.20 1 0
github.com/ra-company/database/redis/redis.go:516.137,521.24 4 0
github.com/ra-company/database/redis/redis.go:521.24,524.3 1 0
github.com/ra-company/database/redis/redis.go:524.8,527.3 1 0
github.com/ra-company/database/redis/redis.go:528.2,529.16 2 0
github.com/ra-company/database/redis/redis.go:529.16,530.23 1 0
github.com/ra-company/database/redis/redis.go:530.23,532.4 1 0
github.com/ra-company/database/redis/redis.go:533.3,533.17 1 0
github.com/ra-company/database/redis/redis.go:535.2,535.17 1 0
github.com/ra-company/database/redis/redis.go:550.83,554.24 3 0
github.com/ra-company/database/redis/redis.go:554.24,557.3 1 0
github.com/ra-company/database/redis/redis.go:557.8,560.3 1 0
github.com/ra-company/database/redis/redis.go:561.2,562.12 2 0
github.com/ra-company/database/redis/redis.go:577.77,582.24 4 0
github.com/ra-company/database/redis/redis.go:582.24,585.3 1 0
github.com/ra-company/database/redis/redis.go:585.8,588.3 1 0
github.com/ra-company/database/redis/redis.go:589.2,590.34 2 0
github.com/ra-company/database/redis/redis.go:603.85,608.24 4 1
github.com/ra-company/database/redis/redis.go:608.24,611.3 1 0
github.com/ra-company/database/redis/redis.go:611.8,614.3 1 1
github.com/ra-company/database/redis/redis.go:615.2,616.18 2 1
github.com/ra-company/database/redis/redis.go:630.68,634.24 3 1
github.com/ra-company/database/redis/redis.go:634.24,637.3 1 1
github.com/ra-company/database/redis/redis.go:637.8,640.3 1 1
github.com/ra-company/database/redis/redis.go:641.2,642.12 2 1
github.com/ra-company/database/redis/redis.go:658.102,662.24 3 1
github.com/ra-company/database/redis/redis.go:662.24,665.3 1 1
github.com/ra-company/database/redis/redis.go:665.8,668.3 1 1
github.com/ra-company/database/redis/redis.go:669.2,670.81 2 1
github.com/ra-company/database/redis/redis.go:670.81,672.3 1 1
github.com/ra-company/database/redis/redis.go:674.2,674.12 1 1
github.com/ra-company/database/redis/redis.go:688.88,692.24 3 1
github.com/ra-company/database/redis/redis.go:692.24,695.3 1 1
github.com/ra-company/database/redis/redis.go:695.8,698.3 1 1
github.com/ra-company/database/redis/redis.go:699.2,700.12 2 1
github.com/ra-company/database/redis/redis.go:715.102,719.24 3 0
github.com/ra-company/database/redis/redis.go:719.24,722.3 1 0
github.com/ra-company/database/redis/redis.go:722.8,725.3 1 0
github.com/ra-company/database/redis/redis.go:726.2,727.12 2 0
github.com/ra-company/database/redis/redis.go:730.89,735.24 4 1
github.com/ra-company/database/redis/redis.go:735.24,738.3 1 1
github.com/ra-company/database/redis/redis.go:738.8,741.3 1 1
github.com/ra-company/database/redis/redis.go:742.2,743.16 2 1
github.com/ra-company/database/redis/redis.go:758.110,763.24 4 1
github.com/ra-company/database/redis/redis.go:763.24,766.3 1 1
github.com/ra-company/database/redis/redis.go:766.8,769.3 1 1
github.com/ra-company/database/redis/redis.go:770.2,771.47 2 1
github.com/ra-company/database/redis/redis.go:771.47,773.3 1 1
github.com/ra-company/database/redis/redis.go:774.2,774.22 1 1
github.com/ra-company/database/redis/redis.go:789.111,794.24 4 1
github.com/ra-company/database/redis/redis.go:794.24,797.3 1 1
github.com/ra-company/database/redis/redis.go:797.8,800.3 1 1
github.com/ra-company/database/redis/redis.go:801.2,802.22 2 1
github.com/ra-company/database/redis/redis.go:805.103,810.24 4 1
github.com/ra-company/database/redis/redis.go:810.24,813.3 1 1
github.com/ra-company/database/redis/redis.go:813.8,816.3 1 1
github.com/ra-company/database/redis/redis.go:817.2,818.19 2 1
github.com/ra-company/database/redis/redis.go:821.47,823.19 2 1
github.com/ra-company/database/redis/redis.go:823.19,825.3 1 1
github.com/ra-company/database/redis/redis.go:825.8,827.3 1 0
github.com/ra-company/database/redis/redis.go:828.2,828.25 1 1
github.com/ra-company/database/redis/redis.go:828.25,830.3 1 0
github.com/ra-company/database/redis/redis.go:831.2,831.43 1 1
github.com/ra-company/database/redis/redis.go:840.48,842.2 1 0
github.com/ra-company/database/redis/redis.go:850.56,852.2 1 0
